[0.341s] Invoking command in '/home/davidhuang/Desktop/project_root/src/a_star_algo': PYTHONPATH=/home/davidhuang/Desktop/project_root/build/a_star_algo/prefix_override:/usr/lib/python3/dist-packages/colcon_core/task/python/colcon_distutils_commands:/home/davidhuang/Desktop/project_root/install/a_star_algo/lib/python3.10/site-packages:${PYTHONPATH} /usr/bin/python3 -W ignore:setup.py install is deprecated setup.py egg_info --egg-base ../../build/a_star_algo build --build-base /home/davidhuang/Desktop/project_root/build/a_star_algo/build install --record /home/davidhuang/Desktop/project_root/build/a_star_algo/install.log --single-version-externally-managed install_data
[0.471s] running egg_info
[0.471s] creating ../../build/a_star_algo/a_star_algo.egg-info
[0.471s] writing ../../build/a_star_algo/a_star_algo.egg-info/PKG-INFO
[0.471s] writing dependency_links to ../../build/a_star_algo/a_star_algo.egg-info/dependency_links.txt
[0.471s] writing entry points to ../../build/a_star_algo/a_star_algo.egg-info/entry_points.txt
[0.471s] writing requirements to ../../build/a_star_algo/a_star_algo.egg-info/requires.txt
[0.471s] writing top-level names to ../../build/a_star_algo/a_star_algo.egg-info/top_level.txt
[0.471s] writing manifest file '../../build/a_star_algo/a_star_algo.egg-info/SOURCES.txt'
[0.472s] reading manifest file '../../build/a_star_algo/a_star_algo.egg-info/SOURCES.txt'
[0.472s] adding license file 'LICENSE'
[0.473s] writing manifest file '../../build/a_star_algo/a_star_algo.egg-info/SOURCES.txt'
[0.473s] running build
[0.473s] running build_py
[0.473s] creating /home/davidhuang/Desktop/project_root/build/a_star_algo/build
[0.473s] creating /home/davidhuang/Desktop/project_root/build/a_star_algo/build/lib
[0.473s] creating /home/davidhuang/Desktop/project_root/build/a_star_algo/build/lib/a_star_algo
[0.473s] copying a_star_algo/goal_and_start_node.py -> /home/davidhuang/Desktop/project_root/build/a_star_algo/build/lib/a_star_algo
[0.473s] copying a_star_algo/__init__.py -> /home/davidhuang/Desktop/project_root/build/a_star_algo/build/lib/a_star_algo
[0.473s] copying a_star_algo/path_node.py -> /home/davidhuang/Desktop/project_root/build/a_star_algo/build/lib/a_star_algo
[0.473s] copying a_star_algo/map_node.py -> /home/davidhuang/Desktop/project_root/build/a_star_algo/build/lib/a_star_algo
[0.473s] running install
[0.473s] running install_lib
[0.473s] creating /home/davidhuang/Desktop/project_root/install/a_star_algo/lib/python3.10/site-packages/a_star_algo
[0.473s] copying /home/davidhuang/Desktop/project_root/build/a_star_algo/build/lib/a_star_algo/goal_and_start_node.py -> /home/davidhuang/Desktop/project_root/install/a_star_algo/lib/python3.10/site-packages/a_star_algo
[0.474s] copying /home/davidhuang/Desktop/project_root/build/a_star_algo/build/lib/a_star_algo/__init__.py -> /home/davidhuang/Desktop/project_root/install/a_star_algo/lib/python3.10/site-packages/a_star_algo
[0.474s] copying /home/davidhuang/Desktop/project_root/build/a_star_algo/build/lib/a_star_algo/path_node.py -> /home/davidhuang/Desktop/project_root/install/a_star_algo/lib/python3.10/site-packages/a_star_algo
[0.474s] copying /home/davidhuang/Desktop/project_root/build/a_star_algo/build/lib/a_star_algo/map_node.py -> /home/davidhuang/Desktop/project_root/install/a_star_algo/lib/python3.10/site-packages/a_star_algo
[0.474s] byte-compiling /home/davidhuang/Desktop/project_root/install/a_star_algo/lib/python3.10/site-packages/a_star_algo/goal_and_start_node.py to goal_and_start_node.cpython-310.pyc
[0.474s] byte-compiling /home/davidhuang/Desktop/project_root/install/a_star_algo/lib/python3.10/site-packages/a_star_algo/__init__.py to __init__.cpython-310.pyc
[0.474s] byte-compiling /home/davidhuang/Desktop/project_root/install/a_star_algo/lib/python3.10/site-packages/a_star_algo/path_node.py to path_node.cpython-310.pyc
[0.476s] byte-compiling /home/davidhuang/Desktop/project_root/install/a_star_algo/lib/python3.10/site-packages/a_star_algo/map_node.py to map_node.cpython-310.pyc
[0.476s] running install_data
[0.476s] creating /home/davidhuang/Desktop/project_root/install/a_star_algo/share/ament_index
[0.476s] creating /home/davidhuang/Desktop/project_root/install/a_star_algo/share/ament_index/resource_index
[0.476s] creating /home/davidhuang/Desktop/project_root/install/a_star_algo/share/ament_index/resource_index/packages
[0.476s] copying resource/a_star_algo -> /home/davidhuang/Desktop/project_root/install/a_star_algo/share/ament_index/resource_index/packages
[0.476s] copying package.xml -> /home/davidhuang/Desktop/project_root/install/a_star_algo/share/a_star_algo
[0.476s] running install_egg_info
[0.477s] Copying ../../build/a_star_algo/a_star_algo.egg-info to /home/davidhuang/Desktop/project_root/install/a_star_algo/lib/python3.10/site-packages/a_star_algo-0.0.0-py3.10.egg-info
[0.478s] running install_scripts
[0.489s] Installing create_goal_and_start script to /home/davidhuang/Desktop/project_root/install/a_star_algo/lib/a_star_algo
[0.489s] Installing create_map script to /home/davidhuang/Desktop/project_root/install/a_star_algo/lib/a_star_algo
[0.489s] Installing create_path_viz script to /home/davidhuang/Desktop/project_root/install/a_star_algo/lib/a_star_algo
[0.489s] writing list of installed files to '/home/davidhuang/Desktop/project_root/build/a_star_algo/install.log'
[0.502s] Invoked command in '/home/davidhuang/Desktop/project_root/src/a_star_algo' returned '0': PYTHONPATH=/home/davidhuang/Desktop/project_root/build/a_star_algo/prefix_override:/usr/lib/python3/dist-packages/colcon_core/task/python/colcon_distutils_commands:/home/davidhuang/Desktop/project_root/install/a_star_algo/lib/python3.10/site-packages:${PYTHONPATH} /usr/bin/python3 -W ignore:setup.py install is deprecated setup.py egg_info --egg-base ../../build/a_star_algo build --build-base /home/davidhuang/Desktop/project_root/build/a_star_algo/build install --record /home/davidhuang/Desktop/project_root/build/a_star_algo/install.log --single-version-externally-managed install_data
