[0.333s] Invoking command in '/home/davidhuang/Desktop/project_root/src/a_star_algo': PYTHONPATH=/home/davidhuang/Desktop/project_root/build/a_star_algo/prefix_override:/usr/lib/python3/dist-packages/colcon_core/task/python/colcon_distutils_commands:/home/davidhuang/Desktop/project_root/install/a_star_algo/lib/python3.10/site-packages:${PYTHONPATH} /usr/bin/python3 -W ignore:setup.py install is deprecated setup.py egg_info --egg-base ../../build/a_star_algo build --build-base /home/davidhuang/Desktop/project_root/build/a_star_algo/build install --record /home/davidhuang/Desktop/project_root/build/a_star_algo/install.log --single-version-externally-managed install_data
[0.454s] running egg_info
[0.455s] writing ../../build/a_star_algo/a_star_algo.egg-info/PKG-INFO
[0.455s] writing dependency_links to ../../build/a_star_algo/a_star_algo.egg-info/dependency_links.txt
[0.455s] writing entry points to ../../build/a_star_algo/a_star_algo.egg-info/entry_points.txt
[0.455s] writing requirements to ../../build/a_star_algo/a_star_algo.egg-info/requires.txt
[0.455s] writing top-level names to ../../build/a_star_algo/a_star_algo.egg-info/top_level.txt
[0.456s] reading manifest file '../../build/a_star_algo/a_star_algo.egg-info/SOURCES.txt'
[0.456s] adding license file 'LICENSE'
[0.457s] writing manifest file '../../build/a_star_algo/a_star_algo.egg-info/SOURCES.txt'
[0.457s] running build
[0.457s] running build_py
[0.457s] running install
[0.457s] running install_lib
[0.458s] byte-compiling /home/davidhuang/Desktop/project_root/install/a_star_algo/lib/python3.10/site-packages/a_star_algo/viz_node.py to viz_node.cpython-310.pyc
[0.458s] running install_data
[0.458s] copying package.xml -> /home/davidhuang/Desktop/project_root/install/a_star_algo/share/a_star_algo
[0.458s]   File "/home/davidhuang/Desktop/project_root/install/a_star_algo/lib/python3.10/site-packages/a_star_algo/viz_node.py", line 77
[0.458s]     'start',
[0.459s]     ^^^^^^^
[0.459s] SyntaxError: invalid syntax
[0.459s] 
[0.459s] running install_egg_info
[0.460s] removing '/home/davidhuang/Desktop/project_root/install/a_star_algo/lib/python3.10/site-packages/a_star_algo-0.0.0-py3.10.egg-info' (and everything under it)
[0.460s] Copying ../../build/a_star_algo/a_star_algo.egg-info to /home/davidhuang/Desktop/project_root/install/a_star_algo/lib/python3.10/site-packages/a_star_algo-0.0.0-py3.10.egg-info
[0.461s] running install_scripts
[0.474s] Installing create_goal_and_start = a_star_algo.goal_and_start_node:maincreate_path_viz script to /home/davidhuang/Desktop/project_root/install/a_star_algo/lib/a_star_algo
[0.474s] Installing create_map script to /home/davidhuang/Desktop/project_root/install/a_star_algo/lib/a_star_algo
[0.474s] writing list of installed files to '/home/davidhuang/Desktop/project_root/build/a_star_algo/install.log'
[0.488s] Invoked command in '/home/davidhuang/Desktop/project_root/src/a_star_algo' returned '0': PYTHONPATH=/home/davidhuang/Desktop/project_root/build/a_star_algo/prefix_override:/usr/lib/python3/dist-packages/colcon_core/task/python/colcon_distutils_commands:/home/davidhuang/Desktop/project_root/install/a_star_algo/lib/python3.10/site-packages:${PYTHONPATH} /usr/bin/python3 -W ignore:setup.py install is deprecated setup.py egg_info --egg-base ../../build/a_star_algo build --build-base /home/davidhuang/Desktop/project_root/build/a_star_algo/build install --record /home/davidhuang/Desktop/project_root/build/a_star_algo/install.log --single-version-externally-managed install_data
