running egg_info
writing ../../build/a_star_algo/a_star_algo.egg-info/PKG-INFO
writing dependency_links to ../../build/a_star_algo/a_star_algo.egg-info/dependency_links.txt
writing entry points to ../../build/a_star_algo/a_star_algo.egg-info/entry_points.txt
writing requirements to ../../build/a_star_algo/a_star_algo.egg-info/requires.txt
writing top-level names to ../../build/a_star_algo/a_star_algo.egg-info/top_level.txt
reading manifest file '../../build/a_star_algo/a_star_algo.egg-info/SOURCES.txt'
adding license file 'LICENSE'
writing manifest file '../../build/a_star_algo/a_star_algo.egg-info/SOURCES.txt'
running build
running build_py
running install
running install_lib
running install_data
running install_egg_info
removing '/home/davidhuang/Desktop/project_root/install/a_star_algo/lib/python3.10/site-packages/a_star_algo-0.0.0-py3.10.egg-info' (and everything under it)
Copying ../../build/a_star_algo/a_star_algo.egg-info to /home/davidhuang/Desktop/project_root/install/a_star_algo/lib/python3.10/site-packages/a_star_algo-0.0.0-py3.10.egg-info
running install_scripts
Installing create_goal_and_start script to /home/davidhuang/Desktop/project_root/install/a_star_algo/lib/a_star_algo
Installing create_map script to /home/davidhuang/Desktop/project_root/install/a_star_algo/lib/a_star_algo
Installing create_path_viz script to /home/davidhuang/Desktop/project_root/install/a_star_algo/lib/a_star_algo
writing list of installed files to '/home/davidhuang/Desktop/project_root/build/a_star_algo/install.log'
