[0.336s] Invoking command in '/home/davidhuang/Desktop/project_root/src/a_star_algo': PYTHONPATH=/home/davidhuang/Desktop/project_root/build/a_star_algo/prefix_override:/usr/lib/python3/dist-packages/colcon_core/task/python/colcon_distutils_commands:/home/davidhuang/Desktop/project_root/install/a_star_algo/lib/python3.10/site-packages:${PYTHONPATH} /usr/bin/python3 -W ignore:setup.py install is deprecated setup.py egg_info --egg-base ../../build/a_star_algo build --build-base /home/davidhuang/Desktop/project_root/build/a_star_algo/build install --record /home/davidhuang/Desktop/project_root/build/a_star_algo/install.log --single-version-externally-managed install_data
[0.459s] running egg_info
[0.460s] writing ../../build/a_star_algo/a_star_algo.egg-info/PKG-INFO
[0.460s] writing dependency_links to ../../build/a_star_algo/a_star_algo.egg-info/dependency_links.txt
[0.460s] writing entry points to ../../build/a_star_algo/a_star_algo.egg-info/entry_points.txt
[0.460s] writing requirements to ../../build/a_star_algo/a_star_algo.egg-info/requires.txt
[0.460s] writing top-level names to ../../build/a_star_algo/a_star_algo.egg-info/top_level.txt
[0.461s] reading manifest file '../../build/a_star_algo/a_star_algo.egg-info/SOURCES.txt'
[0.461s] adding license file 'LICENSE'
[0.462s] writing manifest file '../../build/a_star_algo/a_star_algo.egg-info/SOURCES.txt'
[0.462s] running build
[0.462s] running build_py
[0.462s] running install
[0.462s] running install_lib
[0.463s] running install_data
[0.463s] running install_egg_info
[0.464s] removing '/home/davidhuang/Desktop/project_root/install/a_star_algo/lib/python3.10/site-packages/a_star_algo-0.0.0-py3.10.egg-info' (and everything under it)
[0.464s] Copying ../../build/a_star_algo/a_star_algo.egg-info to /home/davidhuang/Desktop/project_root/install/a_star_algo/lib/python3.10/site-packages/a_star_algo-0.0.0-py3.10.egg-info
[0.464s] running install_scripts
[0.476s] Installing create_goal_and_start script to /home/davidhuang/Desktop/project_root/install/a_star_algo/lib/a_star_algo
[0.476s] Installing create_map script to /home/davidhuang/Desktop/project_root/install/a_star_algo/lib/a_star_algo
[0.476s] Installing create_path_viz script to /home/davidhuang/Desktop/project_root/install/a_star_algo/lib/a_star_algo
[0.476s] writing list of installed files to '/home/davidhuang/Desktop/project_root/build/a_star_algo/install.log'
[0.488s] Invoked command in '/home/davidhuang/Desktop/project_root/src/a_star_algo' returned '0': PYTHONPATH=/home/davidhuang/Desktop/project_root/build/a_star_algo/prefix_override:/usr/lib/python3/dist-packages/colcon_core/task/python/colcon_distutils_commands:/home/davidhuang/Desktop/project_root/install/a_star_algo/lib/python3.10/site-packages:${PYTHONPATH} /usr/bin/python3 -W ignore:setup.py install is deprecated setup.py egg_info --egg-base ../../build/a_star_algo build --build-base /home/davidhuang/Desktop/project_root/build/a_star_algo/build install --record /home/davidhuang/Desktop/project_root/build/a_star_algo/install.log --single-version-externally-managed install_data
