[0.094s] DEBUG:colcon:Command line arguments: ['/usr/bin/colcon', 'list', '-p', '--base-paths', '/home/davidhuang/Desktop/project_root']
[0.094s] DEBUG:colcon:Parsed command line arguments: Namespace(log_base=None, log_level=None, verb_name='list', build_base='build', ignore_user_meta=False, metas=['./colcon.meta'], base_paths=['/home/davidhuang/Desktop/project_root'], packages_ignore=None, packages_ignore_regex=None, paths=None, packages_up_to=None, packages_up_to_regex=None, packages_above=None, packages_above_and_dependencies=None, packages_above_depth=None, packages_select_by_dep=None, packages_skip_by_dep=None, packages_skip_up_to=None, packages_select_build_failed=False, packages_skip_build_finished=False, packages_select_test_failures=False, packages_skip_test_passed=False, packages_select=None, packages_skip=None, packages_select_regex=None, packages_skip_regex=None, packages_start=None, packages_end=None, allow_overriding=[], topological_order=False, names_only=False, paths_only=True, topological_graph=False, topological_graph_dot=False, topological_graph_density=False, topological_graph_legend=False, topological_graph_dot_cluster=False, topological_graph_dot_include_skipped=False, verb_parser=<colcon_defaults.argument_parser.defaults.DefaultArgumentsDecorator object at 0x7432c30b8550>, verb_extension=<colcon_package_information.verb.list.ListVerb object at 0x7432c32ff670>, main=<bound method ListVerb.main of <colcon_package_information.verb.list.ListVerb object at 0x7432c32ff670>>)
[0.213s] Level 1:colcon.colcon_core.package_discovery:discover_packages(colcon_meta) check parameters
[0.213s] Level 1:colcon.colcon_core.package_discovery:discover_packages(recursive) check parameters
[0.213s] Level 1:colcon.colcon_core.package_discovery:discover_packages(ignore) check parameters
[0.213s] Level 1:colcon.colcon_core.package_discovery:discover_packages(path) check parameters
[0.213s] Level 1:colcon.colcon_core.package_discovery:discover_packages(recursive) discover
[0.213s] INFO:colcon.colcon_core.package_discovery:Crawling recursively for packages in '/home/davidhuang/Desktop/project_root'
[0.213s] Level 1:colcon.colcon_core.package_identification:_identify(/home/davidhuang/Desktop/project_root) by extensions ['ignore', 'ignore_ament_install']
[0.213s] Level 1:colcon.colcon_core.package_identification:_identify(/home/davidhuang/Desktop/project_root) by extension 'ignore'
[0.213s] Level 1:colcon.colcon_core.package_identification:_identify(/home/davidhuang/Desktop/project_root) by extension 'ignore_ament_install'
[0.213s] Level 1:colcon.colcon_core.package_identification:_identify(/home/davidhuang/Desktop/project_root) by extensions ['colcon_pkg']
[0.213s] Level 1:colcon.colcon_core.package_identification:_identify(/home/davidhuang/Desktop/project_root) by extension 'colcon_pkg'
[0.213s] Level 1:colcon.colcon_core.package_identification:_identify(/home/davidhuang/Desktop/project_root) by extensions ['colcon_meta']
[0.213s] Level 1:colcon.colcon_core.package_identification:_identify(/home/davidhuang/Desktop/project_root) by extension 'colcon_meta'
[0.213s] Level 1:colcon.colcon_core.package_identification:_identify(/home/davidhuang/Desktop/project_root) by extensions ['ros']
[0.214s] Level 1:colcon.colcon_core.package_identification:_identify(/home/davidhuang/Desktop/project_root) by extension 'ros'
[0.221s] Level 1:colcon.colcon_core.package_identification:_identify(/home/davidhuang/Desktop/project_root) by extensions ['cmake', 'python']
[0.221s] Level 1:colcon.colcon_core.package_identification:_identify(/home/davidhuang/Desktop/project_root) by extension 'cmake'
[0.221s] Level 1:colcon.colcon_core.package_identification:_identify(/home/davidhuang/Desktop/project_root) by extension 'python'
[0.221s] Level 1:colcon.colcon_core.package_identification:_identify(/home/davidhuang/Desktop/project_root) by extensions ['python_setup_py']
[0.221s] Level 1:colcon.colcon_core.package_identification:_identify(/home/davidhuang/Desktop/project_root) by extension 'python_setup_py'
[0.221s] Level 1:colcon.colcon_core.package_identification:_identify(/home/davidhuang/Desktop/project_root/log) by extensions ['ignore', 'ignore_ament_install']
[0.221s] Level 1:colcon.colcon_core.package_identification:_identify(/home/davidhuang/Desktop/project_root/log) by extension 'ignore'
[0.221s] Level 1:colcon.colcon_core.package_identification:_identify(/home/davidhuang/Desktop/project_root/log) ignored
[0.222s] Level 1:colcon.colcon_core.package_identification:_identify(/home/davidhuang/Desktop/project_root/src) by extensions ['ignore', 'ignore_ament_install']
[0.222s] Level 1:colcon.colcon_core.package_identification:_identify(/home/davidhuang/Desktop/project_root/src) by extension 'ignore'
[0.222s] Level 1:colcon.colcon_core.package_identification:_identify(/home/davidhuang/Desktop/project_root/src) by extension 'ignore_ament_install'
[0.222s] Level 1:colcon.colcon_core.package_identification:_identify(/home/davidhuang/Desktop/project_root/src) by extensions ['colcon_pkg']
[0.222s] Level 1:colcon.colcon_core.package_identification:_identify(/home/davidhuang/Desktop/project_root/src) by extension 'colcon_pkg'
[0.222s] Level 1:colcon.colcon_core.package_identification:_identify(/home/davidhuang/Desktop/project_root/src) by extensions ['colcon_meta']
[0.222s] Level 1:colcon.colcon_core.package_identification:_identify(/home/davidhuang/Desktop/project_root/src) by extension 'colcon_meta'
[0.222s] Level 1:colcon.colcon_core.package_identification:_identify(/home/davidhuang/Desktop/project_root/src) by extensions ['ros']
[0.222s] Level 1:colcon.colcon_core.package_identification:_identify(/home/davidhuang/Desktop/project_root/src) by extension 'ros'
[0.222s] Level 1:colcon.colcon_core.package_identification:_identify(/home/davidhuang/Desktop/project_root/src) by extensions ['cmake', 'python']
[0.222s] Level 1:colcon.colcon_core.package_identification:_identify(/home/davidhuang/Desktop/project_root/src) by extension 'cmake'
[0.222s] Level 1:colcon.colcon_core.package_identification:_identify(/home/davidhuang/Desktop/project_root/src) by extension 'python'
[0.222s] Level 1:colcon.colcon_core.package_identification:_identify(/home/davidhuang/Desktop/project_root/src) by extensions ['python_setup_py']
[0.222s] Level 1:colcon.colcon_core.package_identification:_identify(/home/davidhuang/Desktop/project_root/src) by extension 'python_setup_py'
[0.222s] Level 1:colcon.colcon_core.package_identification:_identify(/home/davidhuang/Desktop/project_root/src/a_star_algorithm) by extensions ['ignore', 'ignore_ament_install']
[0.222s] Level 1:colcon.colcon_core.package_identification:_identify(/home/davidhuang/Desktop/project_root/src/a_star_algorithm) by extension 'ignore'
[0.222s] Level 1:colcon.colcon_core.package_identification:_identify(/home/davidhuang/Desktop/project_root/src/a_star_algorithm) by extension 'ignore_ament_install'
[0.222s] Level 1:colcon.colcon_core.package_identification:_identify(/home/davidhuang/Desktop/project_root/src/a_star_algorithm) by extensions ['colcon_pkg']
[0.222s] Level 1:colcon.colcon_core.package_identification:_identify(/home/davidhuang/Desktop/project_root/src/a_star_algorithm) by extension 'colcon_pkg'
[0.222s] Level 1:colcon.colcon_core.package_identification:_identify(/home/davidhuang/Desktop/project_root/src/a_star_algorithm) by extensions ['colcon_meta']
[0.222s] Level 1:colcon.colcon_core.package_identification:_identify(/home/davidhuang/Desktop/project_root/src/a_star_algorithm) by extension 'colcon_meta'
[0.222s] Level 1:colcon.colcon_core.package_identification:_identify(/home/davidhuang/Desktop/project_root/src/a_star_algorithm) by extensions ['ros']
[0.222s] Level 1:colcon.colcon_core.package_identification:_identify(/home/davidhuang/Desktop/project_root/src/a_star_algorithm) by extension 'ros'
[0.224s] DEBUG:colcon.colcon_core.package_identification:Package '/home/davidhuang/Desktop/project_root/src/a_star_algorithm' with type 'ros.ament_python' and name 'a_star_algorithm'
[0.224s] Level 1:colcon.colcon_core.package_discovery:discover_packages(recursive) using defaults
