[0.321s] Invoking command in '/home/davidhuang/Desktop/project_root/src/a_star_algorithm': PYTHONPATH=/home/davidhuang/Desktop/project_root/build/a_star_algorithm/prefix_override:/usr/lib/python3/dist-packages/colcon_core/task/python/colcon_distutils_commands:/home/davidhuang/Desktop/project_root/install/a_star_algorithm/lib/python3.10/site-packages:${PYTHONPATH} /usr/bin/python3 -W ignore:setup.py install is deprecated setup.py egg_info --egg-base ../../build/a_star_algorithm build --build-base /home/davidhuang/Desktop/project_root/build/a_star_algorithm/build install --record /home/davidhuang/Desktop/project_root/build/a_star_algorithm/install.log --single-version-externally-managed install_data
[0.434s] running egg_info
[0.434s] creating ../../build/a_star_algorithm/a_star_algorithm.egg-info
[0.434s] writing ../../build/a_star_algorithm/a_star_algorithm.egg-info/PKG-INFO
[0.435s] writing dependency_links to ../../build/a_star_algorithm/a_star_algorithm.egg-info/dependency_links.txt
[0.435s] writing entry points to ../../build/a_star_algorithm/a_star_algorithm.egg-info/entry_points.txt
[0.435s] writing requirements to ../../build/a_star_algorithm/a_star_algorithm.egg-info/requires.txt
[0.435s] writing top-level names to ../../build/a_star_algorithm/a_star_algorithm.egg-info/top_level.txt
[0.435s] writing manifest file '../../build/a_star_algorithm/a_star_algorithm.egg-info/SOURCES.txt'
[0.436s] reading manifest file '../../build/a_star_algorithm/a_star_algorithm.egg-info/SOURCES.txt'
[0.436s] adding license file 'LICENSE'
[0.436s] writing manifest file '../../build/a_star_algorithm/a_star_algorithm.egg-info/SOURCES.txt'
[0.436s] running build
[0.436s] running build_py
[0.437s] creating /home/davidhuang/Desktop/project_root/build/a_star_algorithm/build
[0.437s] creating /home/davidhuang/Desktop/project_root/build/a_star_algorithm/build/lib
[0.437s] creating /home/davidhuang/Desktop/project_root/build/a_star_algorithm/build/lib/a_star_algorithm
[0.437s] copying a_star_algorithm/__init__.py -> /home/davidhuang/Desktop/project_root/build/a_star_algorithm/build/lib/a_star_algorithm
[0.437s] copying a_star_algorithm/map_node.py -> /home/davidhuang/Desktop/project_root/build/a_star_algorithm/build/lib/a_star_algorithm
[0.437s] copying a_star_algorithm/viz_node.py -> /home/davidhuang/Desktop/project_root/build/a_star_algorithm/build/lib/a_star_algorithm
[0.437s] running install
[0.437s] running install_lib
[0.437s] creating /home/davidhuang/Desktop/project_root/install/a_star_algorithm/lib/python3.10/site-packages/a_star_algorithm
[0.437s] copying /home/davidhuang/Desktop/project_root/build/a_star_algorithm/build/lib/a_star_algorithm/__init__.py -> /home/davidhuang/Desktop/project_root/install/a_star_algorithm/lib/python3.10/site-packages/a_star_algorithm
[0.437s] copying /home/davidhuang/Desktop/project_root/build/a_star_algorithm/build/lib/a_star_algorithm/map_node.py -> /home/davidhuang/Desktop/project_root/install/a_star_algorithm/lib/python3.10/site-packages/a_star_algorithm
[0.437s] copying /home/davidhuang/Desktop/project_root/build/a_star_algorithm/build/lib/a_star_algorithm/viz_node.py -> /home/davidhuang/Desktop/project_root/install/a_star_algorithm/lib/python3.10/site-packages/a_star_algorithm
[0.438s] byte-compiling /home/davidhuang/Desktop/project_root/install/a_star_algorithm/lib/python3.10/site-packages/a_star_algorithm/__init__.py to __init__.cpython-310.pyc
[0.438s] byte-compiling /home/davidhuang/Desktop/project_root/install/a_star_algorithm/lib/python3.10/site-packages/a_star_algorithm/map_node.py to map_node.cpython-310.pyc
[0.438s] byte-compiling /home/davidhuang/Desktop/project_root/install/a_star_algorithm/lib/python3.10/site-packages/a_star_algorithm/viz_node.py to viz_node.cpython-310.pyc
[0.438s] running install_data
[0.438s] creating /home/davidhuang/Desktop/project_root/install/a_star_algorithm/share/ament_index
[0.438s] creating /home/davidhuang/Desktop/project_root/install/a_star_algorithm/share/ament_index/resource_index
[0.439s] creating /home/davidhuang/Desktop/project_root/install/a_star_algorithm/share/ament_index/resource_index/packages
[0.439s] copying resource/a_star_algorithm -> /home/davidhuang/Desktop/project_root/install/a_star_algorithm/share/ament_index/resource_index/packages
[0.439s] copying package.xml -> /home/davidhuang/Desktop/project_root/install/a_star_algorithm/share/a_star_algorithm
[0.439s] running install_egg_info
[0.439s] Copying ../../build/a_star_algorithm/a_star_algorithm.egg-info to /home/davidhuang/Desktop/project_root/install/a_star_algorithm/lib/python3.10/site-packages/a_star_algorithm-0.0.0-py3.10.egg-info
[0.440s] running install_scripts
[0.454s] Installing create_map script to /home/davidhuang/Desktop/project_root/install/a_star_algorithm/lib/a_star_algorithm
[0.454s] Installing display script to /home/davidhuang/Desktop/project_root/install/a_star_algorithm/lib/a_star_algorithm
[0.454s] writing list of installed files to '/home/davidhuang/Desktop/project_root/build/a_star_algorithm/install.log'
[0.468s] Invoked command in '/home/davidhuang/Desktop/project_root/src/a_star_algorithm' returned '0': PYTHONPATH=/home/davidhuang/Desktop/project_root/build/a_star_algorithm/prefix_override:/usr/lib/python3/dist-packages/colcon_core/task/python/colcon_distutils_commands:/home/davidhuang/Desktop/project_root/install/a_star_algorithm/lib/python3.10/site-packages:${PYTHONPATH} /usr/bin/python3 -W ignore:setup.py install is deprecated setup.py egg_info --egg-base ../../build/a_star_algorithm build --build-base /home/davidhuang/Desktop/project_root/build/a_star_algorithm/build install --record /home/davidhuang/Desktop/project_root/build/a_star_algorithm/install.log --single-version-externally-managed install_data
