/home/davidhuang/Desktop/project_root/install/a_star_algo/lib/python3.10/site-packages/a_star_algo/goal_and_start_node.py
/home/davidhuang/Desktop/project_root/install/a_star_algo/lib/python3.10/site-packages/a_star_algo/__init__.py
/home/davidhuang/Desktop/project_root/install/a_star_algo/lib/python3.10/site-packages/a_star_algo/path_node.py
/home/davidhuang/Desktop/project_root/install/a_star_algo/lib/python3.10/site-packages/a_star_algo/map_node.py
/home/davidhuang/Desktop/project_root/install/a_star_algo/lib/python3.10/site-packages/a_star_algo/__pycache__/goal_and_start_node.cpython-310.pyc
/home/davidhuang/Desktop/project_root/install/a_star_algo/lib/python3.10/site-packages/a_star_algo/__pycache__/__init__.cpython-310.pyc
/home/davidhuang/Desktop/project_root/install/a_star_algo/lib/python3.10/site-packages/a_star_algo/__pycache__/path_node.cpython-310.pyc
/home/davidhuang/Desktop/project_root/install/a_star_algo/lib/python3.10/site-packages/a_star_algo/__pycache__/map_node.cpython-310.pyc
/home/davidhuang/Desktop/project_root/install/a_star_algo/share/ament_index/resource_index/packages/a_star_algo
/home/davidhuang/Desktop/project_root/install/a_star_algo/share/a_star_algo/package.xml
/home/davidhuang/Desktop/project_root/install/a_star_algo/lib/python3.10/site-packages/a_star_algo-0.0.0-py3.10.egg-info/PKG-INFO
/home/davidhuang/Desktop/project_root/install/a_star_algo/lib/python3.10/site-packages/a_star_algo-0.0.0-py3.10.egg-info/requires.txt
/home/davidhuang/Desktop/project_root/install/a_star_algo/lib/python3.10/site-packages/a_star_algo-0.0.0-py3.10.egg-info/zip-safe
/home/davidhuang/Desktop/project_root/install/a_star_algo/lib/python3.10/site-packages/a_star_algo-0.0.0-py3.10.egg-info/top_level.txt
/home/davidhuang/Desktop/project_root/install/a_star_algo/lib/python3.10/site-packages/a_star_algo-0.0.0-py3.10.egg-info/entry_points.txt
/home/davidhuang/Desktop/project_root/install/a_star_algo/lib/python3.10/site-packages/a_star_algo-0.0.0-py3.10.egg-info/SOURCES.txt
/home/davidhuang/Desktop/project_root/install/a_star_algo/lib/python3.10/site-packages/a_star_algo-0.0.0-py3.10.egg-info/dependency_links.txt
/home/davidhuang/Desktop/project_root/install/a_star_algo/lib/a_star_algo/create_goal_and_start
/home/davidhuang/Desktop/project_root/install/a_star_algo/lib/a_star_algo/create_map
/home/davidhuang/Desktop/project_root/install/a_star_algo/lib/a_star_algo/create_path_viz
