running egg_info
creating ../../build/a_star_algo/a_star_algo.egg-info
writing ../../build/a_star_algo/a_star_algo.egg-info/PKG-INFO
writing dependency_links to ../../build/a_star_algo/a_star_algo.egg-info/dependency_links.txt
writing entry points to ../../build/a_star_algo/a_star_algo.egg-info/entry_points.txt
writing requirements to ../../build/a_star_algo/a_star_algo.egg-info/requires.txt
writing top-level names to ../../build/a_star_algo/a_star_algo.egg-info/top_level.txt
writing manifest file '../../build/a_star_algo/a_star_algo.egg-info/SOURCES.txt'
reading manifest file '../../build/a_star_algo/a_star_algo.egg-info/SOURCES.txt'
adding license file 'LICENSE'
writing manifest file '../../build/a_star_algo/a_star_algo.egg-info/SOURCES.txt'
running build
running build_py
creating /home/davidhuang/Desktop/project_root/build/a_star_algo/build
creating /home/davidhuang/Desktop/project_root/build/a_star_algo/build/lib
creating /home/davidhuang/Desktop/project_root/build/a_star_algo/build/lib/a_star_algo
copying a_star_algo/__init__.py -> /home/davidhuang/Desktop/project_root/build/a_star_algo/build/lib/a_star_algo
copying a_star_algo/map_node.py -> /home/davidhuang/Desktop/project_root/build/a_star_algo/build/lib/a_star_algo
copying a_star_algo/viz_node.py -> /home/davidhuang/Desktop/project_root/build/a_star_algo/build/lib/a_star_algo
running install
running install_lib
creating /home/davidhuang/Desktop/project_root/install/a_star_algo/lib/python3.10/site-packages/a_star_algo
copying /home/davidhuang/Desktop/project_root/build/a_star_algo/build/lib/a_star_algo/__init__.py -> /home/davidhuang/Desktop/project_root/install/a_star_algo/lib/python3.10/site-packages/a_star_algo
copying /home/davidhuang/Desktop/project_root/build/a_star_algo/build/lib/a_star_algo/map_node.py -> /home/davidhuang/Desktop/project_root/install/a_star_algo/lib/python3.10/site-packages/a_star_algo
copying /home/davidhuang/Desktop/project_root/build/a_star_algo/build/lib/a_star_algo/viz_node.py -> /home/davidhuang/Desktop/project_root/install/a_star_algo/lib/python3.10/site-packages/a_star_algo
byte-compiling /home/davidhuang/Desktop/project_root/install/a_star_algo/lib/python3.10/site-packages/a_star_algo/__init__.py to __init__.cpython-310.pyc
byte-compiling /home/davidhuang/Desktop/project_root/install/a_star_algo/lib/python3.10/site-packages/a_star_algo/map_node.py to map_node.cpython-310.pyc
byte-compiling /home/davidhuang/Desktop/project_root/install/a_star_algo/lib/python3.10/site-packages/a_star_algo/viz_node.py to viz_node.cpython-310.pyc
running install_data
creating /home/davidhuang/Desktop/project_root/install/a_star_algo/share/ament_index
creating /home/davidhuang/Desktop/project_root/install/a_star_algo/share/ament_index/resource_index
creating /home/davidhuang/Desktop/project_root/install/a_star_algo/share/ament_index/resource_index/packages
copying resource/a_star_algo -> /home/davidhuang/Desktop/project_root/install/a_star_algo/share/ament_index/resource_index/packages
copying package.xml -> /home/davidhuang/Desktop/project_root/install/a_star_algo/share/a_star_algo
running install_egg_info
Copying ../../build/a_star_algo/a_star_algo.egg-info to /home/davidhuang/Desktop/project_root/install/a_star_algo/lib/python3.10/site-packages/a_star_algo-0.0.0-py3.10.egg-info
running install_scripts
Installing create_map script to /home/davidhuang/Desktop/project_root/install/a_star_algo/lib/a_star_algo
Installing display script to /home/davidhuang/Desktop/project_root/install/a_star_algo/lib/a_star_algo
writing list of installed files to '/home/davidhuang/Desktop/project_root/build/a_star_algo/install.log'
