[0.288s] Invoking command in '/home/davidhuang/Desktop/project_root/src/a_star_algo': PYTHONPATH=/home/davidhuang/Desktop/project_root/build/a_star_algo/prefix_override:/usr/lib/python3/dist-packages/colcon_core/task/python/colcon_distutils_commands:/home/davidhuang/Desktop/project_root/install/a_star_algo/lib/python3.10/site-packages:${PYTHONPATH} /usr/bin/python3 -W ignore:setup.py install is deprecated setup.py egg_info --egg-base ../../build/a_star_algo build --build-base /home/davidhuang/Desktop/project_root/build/a_star_algo/build install --record /home/davidhuang/Desktop/project_root/build/a_star_algo/install.log --single-version-externally-managed install_data
[0.398s] running egg_info
[0.398s] creating ../../build/a_star_algo/a_star_algo.egg-info
[0.399s] writing ../../build/a_star_algo/a_star_algo.egg-info/PKG-INFO
[0.399s] writing dependency_links to ../../build/a_star_algo/a_star_algo.egg-info/dependency_links.txt
[0.399s] writing entry points to ../../build/a_star_algo/a_star_algo.egg-info/entry_points.txt
[0.399s] writing requirements to ../../build/a_star_algo/a_star_algo.egg-info/requires.txt
[0.399s] writing top-level names to ../../build/a_star_algo/a_star_algo.egg-info/top_level.txt
[0.399s] writing manifest file '../../build/a_star_algo/a_star_algo.egg-info/SOURCES.txt'
[0.400s] reading manifest file '../../build/a_star_algo/a_star_algo.egg-info/SOURCES.txt'
[0.400s] adding license file 'LICENSE'
[0.400s] writing manifest file '../../build/a_star_algo/a_star_algo.egg-info/SOURCES.txt'
[0.401s] running build
[0.401s] running build_py
[0.401s] creating /home/davidhuang/Desktop/project_root/build/a_star_algo/build
[0.401s] creating /home/davidhuang/Desktop/project_root/build/a_star_algo/build/lib
[0.401s] creating /home/davidhuang/Desktop/project_root/build/a_star_algo/build/lib/a_star_algo
[0.401s] copying a_star_algo/__init__.py -> /home/davidhuang/Desktop/project_root/build/a_star_algo/build/lib/a_star_algo
[0.401s] copying a_star_algo/map_node.py -> /home/davidhuang/Desktop/project_root/build/a_star_algo/build/lib/a_star_algo
[0.401s] copying a_star_algo/viz_node.py -> /home/davidhuang/Desktop/project_root/build/a_star_algo/build/lib/a_star_algo
[0.401s] running install
[0.401s] running install_lib
[0.401s] creating /home/davidhuang/Desktop/project_root/install/a_star_algo/lib/python3.10/site-packages/a_star_algo
[0.401s] copying /home/davidhuang/Desktop/project_root/build/a_star_algo/build/lib/a_star_algo/__init__.py -> /home/davidhuang/Desktop/project_root/install/a_star_algo/lib/python3.10/site-packages/a_star_algo
[0.402s] copying /home/davidhuang/Desktop/project_root/build/a_star_algo/build/lib/a_star_algo/map_node.py -> /home/davidhuang/Desktop/project_root/install/a_star_algo/lib/python3.10/site-packages/a_star_algo
[0.402s] copying /home/davidhuang/Desktop/project_root/build/a_star_algo/build/lib/a_star_algo/viz_node.py -> /home/davidhuang/Desktop/project_root/install/a_star_algo/lib/python3.10/site-packages/a_star_algo
[0.402s] byte-compiling /home/davidhuang/Desktop/project_root/install/a_star_algo/lib/python3.10/site-packages/a_star_algo/__init__.py to __init__.cpython-310.pyc
[0.402s] byte-compiling /home/davidhuang/Desktop/project_root/install/a_star_algo/lib/python3.10/site-packages/a_star_algo/map_node.py to map_node.cpython-310.pyc
[0.402s] byte-compiling /home/davidhuang/Desktop/project_root/install/a_star_algo/lib/python3.10/site-packages/a_star_algo/viz_node.py to viz_node.cpython-310.pyc
[0.402s] running install_data
[0.402s] creating /home/davidhuang/Desktop/project_root/install/a_star_algo/share/ament_index
[0.403s] creating /home/davidhuang/Desktop/project_root/install/a_star_algo/share/ament_index/resource_index
[0.403s] creating /home/davidhuang/Desktop/project_root/install/a_star_algo/share/ament_index/resource_index/packages
[0.403s] copying resource/a_star_algo -> /home/davidhuang/Desktop/project_root/install/a_star_algo/share/ament_index/resource_index/packages
[0.403s] copying package.xml -> /home/davidhuang/Desktop/project_root/install/a_star_algo/share/a_star_algo
[0.403s] running install_egg_info
[0.404s] Copying ../../build/a_star_algo/a_star_algo.egg-info to /home/davidhuang/Desktop/project_root/install/a_star_algo/lib/python3.10/site-packages/a_star_algo-0.0.0-py3.10.egg-info
[0.404s] running install_scripts
[0.418s] Installing create_map script to /home/davidhuang/Desktop/project_root/install/a_star_algo/lib/a_star_algo
[0.418s] Installing display script to /home/davidhuang/Desktop/project_root/install/a_star_algo/lib/a_star_algo
[0.418s] writing list of installed files to '/home/davidhuang/Desktop/project_root/build/a_star_algo/install.log'
[0.434s] Invoked command in '/home/davidhuang/Desktop/project_root/src/a_star_algo' returned '0': PYTHONPATH=/home/davidhuang/Desktop/project_root/build/a_star_algo/prefix_override:/usr/lib/python3/dist-packages/colcon_core/task/python/colcon_distutils_commands:/home/davidhuang/Desktop/project_root/install/a_star_algo/lib/python3.10/site-packages:${PYTHONPATH} /usr/bin/python3 -W ignore:setup.py install is deprecated setup.py egg_info --egg-base ../../build/a_star_algo build --build-base /home/davidhuang/Desktop/project_root/build/a_star_algo/build install --record /home/davidhuang/Desktop/project_root/build/a_star_algo/install.log --single-version-externally-managed install_data
