[0.350s] Invoking command in '/home/davidhuang/Desktop/project_root/src/a_star_algo': PYTHONPATH=/home/davidhuang/Desktop/project_root/build/a_star_algo/prefix_override:/usr/lib/python3/dist-packages/colcon_core/task/python/colcon_distutils_commands:/home/davidhuang/Desktop/project_root/install/a_star_algo/lib/python3.10/site-packages:${PYTHONPATH} /usr/bin/python3 -W ignore:setup.py install is deprecated setup.py egg_info --egg-base ../../build/a_star_algo build --build-base /home/davidhuang/Desktop/project_root/build/a_star_algo/build install --record /home/davidhuang/Desktop/project_root/build/a_star_algo/install.log --single-version-externally-managed install_data
[0.475s] running egg_info
[0.476s] writing ../../build/a_star_algo/a_star_algo.egg-info/PKG-INFO
[0.476s] writing dependency_links to ../../build/a_star_algo/a_star_algo.egg-info/dependency_links.txt
[0.476s] writing entry points to ../../build/a_star_algo/a_star_algo.egg-info/entry_points.txt
[0.476s] writing requirements to ../../build/a_star_algo/a_star_algo.egg-info/requires.txt
[0.476s] writing top-level names to ../../build/a_star_algo/a_star_algo.egg-info/top_level.txt
[0.477s] reading manifest file '../../build/a_star_algo/a_star_algo.egg-info/SOURCES.txt'
[0.477s] adding license file 'LICENSE'
[0.477s] writing manifest file '../../build/a_star_algo/a_star_algo.egg-info/SOURCES.txt'
[0.478s] running build
[0.478s] running build_py
[0.478s] copying a_star_algo/path_node.py -> /home/davidhuang/Desktop/project_root/build/a_star_algo/build/lib/a_star_algo
[0.478s] running install
[0.478s] running install_lib
[0.479s] copying /home/davidhuang/Desktop/project_root/build/a_star_algo/build/lib/a_star_algo/path_node.py -> /home/davidhuang/Desktop/project_root/install/a_star_algo/lib/python3.10/site-packages/a_star_algo
[0.479s] byte-compiling /home/davidhuang/Desktop/project_root/install/a_star_algo/lib/python3.10/site-packages/a_star_algo/path_node.py to path_node.cpython-310.pyc
[0.480s] running install_data
[0.480s] running install_egg_info
[0.482s] removing '/home/davidhuang/Desktop/project_root/install/a_star_algo/lib/python3.10/site-packages/a_star_algo-0.0.0-py3.10.egg-info' (and everything under it)
[0.482s] Copying ../../build/a_star_algo/a_star_algo.egg-info to /home/davidhuang/Desktop/project_root/install/a_star_algo/lib/python3.10/site-packages/a_star_algo-0.0.0-py3.10.egg-info
[0.482s] running install_scripts
[0.495s] Installing create_goal_and_start script to /home/davidhuang/Desktop/project_root/install/a_star_algo/lib/a_star_algo
[0.495s] Installing create_map script to /home/davidhuang/Desktop/project_root/install/a_star_algo/lib/a_star_algo
[0.495s] Installing create_path_viz script to /home/davidhuang/Desktop/project_root/install/a_star_algo/lib/a_star_algo
[0.495s] writing list of installed files to '/home/davidhuang/Desktop/project_root/build/a_star_algo/install.log'
[0.509s] Invoked command in '/home/davidhuang/Desktop/project_root/src/a_star_algo' returned '0': PYTHONPATH=/home/davidhuang/Desktop/project_root/build/a_star_algo/prefix_override:/usr/lib/python3/dist-packages/colcon_core/task/python/colcon_distutils_commands:/home/davidhuang/Desktop/project_root/install/a_star_algo/lib/python3.10/site-packages:${PYTHONPATH} /usr/bin/python3 -W ignore:setup.py install is deprecated setup.py egg_info --egg-base ../../build/a_star_algo build --build-base /home/davidhuang/Desktop/project_root/build/a_star_algo/build install --record /home/davidhuang/Desktop/project_root/build/a_star_algo/install.log --single-version-externally-managed install_data
