[0.317s] Invoking command in '/home/davidhuang/Desktop/project_root/src/a_star_algorithm': PYTHONPATH=/home/davidhuang/Desktop/project_root/build/a_star_algorithm/prefix_override:/usr/lib/python3/dist-packages/colcon_core/task/python/colcon_distutils_commands:/home/davidhuang/Desktop/project_root/install/a_star_algorithm/lib/python3.10/site-packages:${PYTHONPATH} /usr/bin/python3 -W ignore:setup.py install is deprecated setup.py egg_info --egg-base ../../build/a_star_algorithm build --build-base /home/davidhuang/Desktop/project_root/build/a_star_algorithm/build install --record /home/davidhuang/Desktop/project_root/build/a_star_algorithm/install.log --single-version-externally-managed install_data
[0.429s] running egg_info
[0.429s] writing ../../build/a_star_algorithm/a_star_algorithm.egg-info/PKG-INFO
[0.430s] writing dependency_links to ../../build/a_star_algorithm/a_star_algorithm.egg-info/dependency_links.txt
[0.430s] writing entry points to ../../build/a_star_algorithm/a_star_algorithm.egg-info/entry_points.txt
[0.430s] writing requirements to ../../build/a_star_algorithm/a_star_algorithm.egg-info/requires.txt
[0.430s] writing top-level names to ../../build/a_star_algorithm/a_star_algorithm.egg-info/top_level.txt
[0.431s] reading manifest file '../../build/a_star_algorithm/a_star_algorithm.egg-info/SOURCES.txt'
[0.431s] adding license file 'LICENSE'
[0.431s] writing manifest file '../../build/a_star_algorithm/a_star_algorithm.egg-info/SOURCES.txt'
[0.431s] running build
[0.431s] running build_py
[0.432s] running install
[0.432s] running install_lib
[0.432s] running install_data
[0.433s] running install_egg_info
[0.434s] removing '/home/davidhuang/Desktop/project_root/install/a_star_algorithm/lib/python3.10/site-packages/a_star_algorithm-0.0.0-py3.10.egg-info' (and everything under it)
[0.434s] Copying ../../build/a_star_algorithm/a_star_algorithm.egg-info to /home/davidhuang/Desktop/project_root/install/a_star_algorithm/lib/python3.10/site-packages/a_star_algorithm-0.0.0-py3.10.egg-info
[0.434s] running install_scripts
[0.448s] Installing create script to /home/davidhuang/Desktop/project_root/install/a_star_algorithm/lib/a_star_algorithm
[0.448s] Installing display script to /home/davidhuang/Desktop/project_root/install/a_star_algorithm/lib/a_star_algorithm
[0.448s] writing list of installed files to '/home/davidhuang/Desktop/project_root/build/a_star_algorithm/install.log'
[0.463s] Invoked command in '/home/davidhuang/Desktop/project_root/src/a_star_algorithm' returned '0': PYTHONPATH=/home/davidhuang/Desktop/project_root/build/a_star_algorithm/prefix_override:/usr/lib/python3/dist-packages/colcon_core/task/python/colcon_distutils_commands:/home/davidhuang/Desktop/project_root/install/a_star_algorithm/lib/python3.10/site-packages:${PYTHONPATH} /usr/bin/python3 -W ignore:setup.py install is deprecated setup.py egg_info --egg-base ../../build/a_star_algorithm build --build-base /home/davidhuang/Desktop/project_root/build/a_star_algorithm/build install --record /home/davidhuang/Desktop/project_root/build/a_star_algorithm/install.log --single-version-externally-managed install_data
