[0.340s] Invoking command in '/home/davidhuang/Desktop/project_root/src/a_star_algo': PYTHONPATH=/home/davidhuang/Desktop/project_root/build/a_star_algo/prefix_override:/usr/lib/python3/dist-packages/colcon_core/task/python/colcon_distutils_commands:/home/davidhuang/Desktop/project_root/install/a_star_algo/lib/python3.10/site-packages:${PYTHONPATH} /usr/bin/python3 -W ignore:setup.py install is deprecated setup.py egg_info --egg-base ../../build/a_star_algo build --build-base /home/davidhuang/Desktop/project_root/build/a_star_algo/build install --record /home/davidhuang/Desktop/project_root/build/a_star_algo/install.log --single-version-externally-managed install_data
[0.460s] running egg_info
[0.461s] creating ../../build/a_star_algo/a_star_algo.egg-info
[0.461s] writing ../../build/a_star_algo/a_star_algo.egg-info/PKG-INFO
[0.461s] writing dependency_links to ../../build/a_star_algo/a_star_algo.egg-info/dependency_links.txt
[0.461s] writing entry points to ../../build/a_star_algo/a_star_algo.egg-info/entry_points.txt
[0.461s] writing requirements to ../../build/a_star_algo/a_star_algo.egg-info/requires.txt
[0.461s] writing top-level names to ../../build/a_star_algo/a_star_algo.egg-info/top_level.txt
[0.461s] writing manifest file '../../build/a_star_algo/a_star_algo.egg-info/SOURCES.txt'
[0.462s] reading manifest file '../../build/a_star_algo/a_star_algo.egg-info/SOURCES.txt'
[0.462s] adding license file 'LICENSE'
[0.462s] writing manifest file '../../build/a_star_algo/a_star_algo.egg-info/SOURCES.txt'
[0.462s] running build
[0.462s] running build_py
[0.462s] creating /home/davidhuang/Desktop/project_root/build/a_star_algo/build
[0.463s] creating /home/davidhuang/Desktop/project_root/build/a_star_algo/build/lib
[0.463s] creating /home/davidhuang/Desktop/project_root/build/a_star_algo/build/lib/a_star_algo
[0.463s] copying a_star_algo/goal_and_start_node.py -> /home/davidhuang/Desktop/project_root/build/a_star_algo/build/lib/a_star_algo
[0.463s] copying a_star_algo/__init__.py -> /home/davidhuang/Desktop/project_root/build/a_star_algo/build/lib/a_star_algo
[0.463s] copying a_star_algo/path_node.py -> /home/davidhuang/Desktop/project_root/build/a_star_algo/build/lib/a_star_algo
[0.463s] copying a_star_algo/map_node.py -> /home/davidhuang/Desktop/project_root/build/a_star_algo/build/lib/a_star_algo
[0.463s] copying a_star_algo/viz_node.py -> /home/davidhuang/Desktop/project_root/build/a_star_algo/build/lib/a_star_algo
[0.463s] running install
[0.463s] running install_lib
[0.463s] creating /home/davidhuang/Desktop/project_root/install/a_star_algo/lib/python3.10/site-packages/a_star_algo
[0.463s] copying /home/davidhuang/Desktop/project_root/build/a_star_algo/build/lib/a_star_algo/goal_and_start_node.py -> /home/davidhuang/Desktop/project_root/install/a_star_algo/lib/python3.10/site-packages/a_star_algo
[0.463s] copying /home/davidhuang/Desktop/project_root/build/a_star_algo/build/lib/a_star_algo/__init__.py -> /home/davidhuang/Desktop/project_root/install/a_star_algo/lib/python3.10/site-packages/a_star_algo
[0.463s] copying /home/davidhuang/Desktop/project_root/build/a_star_algo/build/lib/a_star_algo/path_node.py -> /home/davidhuang/Desktop/project_root/install/a_star_algo/lib/python3.10/site-packages/a_star_algo
[0.464s] copying /home/davidhuang/Desktop/project_root/build/a_star_algo/build/lib/a_star_algo/map_node.py -> /home/davidhuang/Desktop/project_root/install/a_star_algo/lib/python3.10/site-packages/a_star_algo
[0.464s] copying /home/davidhuang/Desktop/project_root/build/a_star_algo/build/lib/a_star_algo/viz_node.py -> /home/davidhuang/Desktop/project_root/install/a_star_algo/lib/python3.10/site-packages/a_star_algo
[0.464s] byte-compiling /home/davidhuang/Desktop/project_root/install/a_star_algo/lib/python3.10/site-packages/a_star_algo/goal_and_start_node.py to goal_and_start_node.cpython-310.pyc
[0.464s] byte-compiling /home/davidhuang/Desktop/project_root/install/a_star_algo/lib/python3.10/site-packages/a_star_algo/__init__.py to __init__.cpython-310.pyc
[0.464s] byte-compiling /home/davidhuang/Desktop/project_root/install/a_star_algo/lib/python3.10/site-packages/a_star_algo/path_node.py to path_node.cpython-310.pyc
[0.465s] byte-compiling /home/davidhuang/Desktop/project_root/install/a_star_algo/lib/python3.10/site-packages/a_star_algo/map_node.py to map_node.cpython-310.pyc
[0.465s] byte-compiling /home/davidhuang/Desktop/project_root/install/a_star_algo/lib/python3.10/site-packages/a_star_algo/viz_node.py to viz_node.cpython-310.pyc
[0.466s]   File "/home/davidhuang/Desktop/project_root/install/a_star_algo/lib/python3.10/site-packages/a_star_algo/viz_node.py", line 77
[0.466s]     'start',
[0.466s]     ^^^^^^^
[0.466s] SyntaxError: invalid syntax
[0.466s] 
[0.466s] running install_data
[0.466s] creating /home/davidhuang/Desktop/project_root/install/a_star_algo/share/ament_index
[0.466s] creating /home/davidhuang/Desktop/project_root/install/a_star_algo/share/ament_index/resource_index
[0.467s] creating /home/davidhuang/Desktop/project_root/install/a_star_algo/share/ament_index/resource_index/packages
[0.467s] copying resource/a_star_algo -> /home/davidhuang/Desktop/project_root/install/a_star_algo/share/ament_index/resource_index/packages
[0.467s] copying package.xml -> /home/davidhuang/Desktop/project_root/install/a_star_algo/share/a_star_algo
[0.467s] running install_egg_info
[0.467s] Copying ../../build/a_star_algo/a_star_algo.egg-info to /home/davidhuang/Desktop/project_root/install/a_star_algo/lib/python3.10/site-packages/a_star_algo-0.0.0-py3.10.egg-info
[0.468s] running install_scripts
[0.481s] Installing create_goal_and_start = a_star_algo.goal_and_start_node:maincreate_path_viz script to /home/davidhuang/Desktop/project_root/install/a_star_algo/lib/a_star_algo
[0.481s] Installing create_map script to /home/davidhuang/Desktop/project_root/install/a_star_algo/lib/a_star_algo
[0.481s] writing list of installed files to '/home/davidhuang/Desktop/project_root/build/a_star_algo/install.log'
[0.495s] Invoked command in '/home/davidhuang/Desktop/project_root/src/a_star_algo' returned '0': PYTHONPATH=/home/davidhuang/Desktop/project_root/build/a_star_algo/prefix_override:/usr/lib/python3/dist-packages/colcon_core/task/python/colcon_distutils_commands:/home/davidhuang/Desktop/project_root/install/a_star_algo/lib/python3.10/site-packages:${PYTHONPATH} /usr/bin/python3 -W ignore:setup.py install is deprecated setup.py egg_info --egg-base ../../build/a_star_algo build --build-base /home/davidhuang/Desktop/project_root/build/a_star_algo/build install --record /home/davidhuang/Desktop/project_root/build/a_star_algo/install.log --single-version-externally-managed install_data
